# JRE version: OpenJDK Runtime Environment (8.0_242-b01) (build 1.8.0_242-release-1644-b01)
# Java VM: OpenJDK 64-Bit Server VM (25.242-b01 mixed mode windows-amd64 compressed oops)
Heap:
 PSYoungGen      total 100864K, used 11736K [0x0000000760000000, 0x0000000768480000, 0x00000007c0000000)
  eden space 91648K, 12% used [0x0000000760000000,0x0000000760b761a8,0x0000000765980000)
  from space 9216K, 0% used [0x0000000767b80000,0x0000000767b80000,0x0000000768480000)
  to   space 8704K, 0% used [0x0000000765980000,0x0000000765980000,0x0000000766200000)
 ParOldGen       total 31744K, used 13789K [0x00000006a0000000, 0x00000006a1f00000, 0x0000000760000000)
  object space 31744K, 43% used [0x00000006a0000000,0x00000006a0d776c0,0x00000006a1f00000)
 Metaspace       used 34715K, capacity 35924K, committed 36312K, reserved 1081344K
  class space    used 4776K, capacity 5045K, committed 5120K, reserved 1048576K
GC Heap History (10 events):
Event: 13.448 GC heap before
{Heap before GC invocations=10 (full 1):
 PSYoungGen      total 65024K, used 6129K [0x0000000760000000, 0x0000000766b00000, 0x00000007c0000000)
  eden space 58880K, 0% used [0x0000000760000000,0x0000000760000000,0x0000000763980000)
  from space 6144K, 99% used [0x0000000763980000,0x0000000763f7c590,0x0000000763f80000)
  to   space 7680K, 0% used [0x0000000766380000,0x0000000766380000,0x0000000766b00000)
 ParOldGen       total 38400K, used 7182K [0x00000006a0000000, 0x00000006a2580000, 0x0000000760000000)
  object space 38400K, 18% used [0x00000006a0000000,0x00000006a0703ba0,0x00000006a2580000)
 Metaspace       used 20503K, capacity 21204K, committed 21248K, reserved 1067008K
  class space    used 2858K, capacity 3048K, committed 3072K, reserved 1048576K
Event: 13.548 GC heap after
Heap after GC invocations=10 (full 1):
 PSYoungGen      total 65024K, used 0K [0x0000000760000000, 0x0000000766b00000, 0x00000007c0000000)
  eden space 58880K, 0% used [0x0000000760000000,0x0000000760000000,0x0000000763980000)
  from space 6144K, 0% used [0x0000000763980000,0x0000000763980000,0x0000000763f80000)
  to   space 7680K, 0% used [0x0000000766380000,0x0000000766380000,0x0000000766b00000)
 ParOldGen       total 31744K, used 10031K [0x00000006a0000000, 0x00000006a1f00000, 0x0000000760000000)
  object space 31744K, 31% used [0x00000006a0000000,0x00000006a09cbf80,0x00000006a1f00000)
 Metaspace       used 20503K, capacity 21204K, committed 21248K, reserved 1067008K
  class space    used 2858K, capacity 3048K, committed 3072K, reserved 1048576K
}
Event: 16.015 GC heap before
{Heap before GC invocations=11 (full 1):
 PSYoungGen      total 65024K, used 58880K [0x0000000760000000, 0x0000000766b00000, 0x00000007c0000000)
  eden space 58880K, 100% used [0x0000000760000000,0x0000000763980000,0x0000000763980000)
  from space 6144K, 0% used [0x0000000763980000,0x0000000763980000,0x0000000763f80000)
  to   space 7680K, 0% used [0x0000000766380000,0x0000000766380000,0x0000000766b00000)
 ParOldGen       total 31744K, used 10031K [0x00000006a0000000, 0x00000006a1f00000, 0x0000000760000000)
  object space 31744K, 31% used [0x00000006a0000000,0x00000006a09cbf80,0x00000006a1f00000)
 Metaspace       used 27475K, capacity 28286K, committed 28672K, reserved 1073152K
  class space    used 3776K, capacity 4003K, committed 4096K, reserved 1048576K
Event: 16.036 GC heap after
Heap after GC invocations=11 (full 1):
 PSYoungGen      total 90112K, used 7105K [0x0000000760000000, 0x0000000766a80000, 0x00000007c0000000)
  eden space 82944K, 0% used [0x0000000760000000,0x0000000760000000,0x0000000765100000)
  from space 7168K, 99% used [0x0000000766380000,0x0000000766a70588,0x0000000766a80000)
  to   space 8704K, 0% used [0x0000000765980000,0x0000000765980000,0x0000000766200000)
 ParOldGen       total 31744K, used 10039K [0x00000006a0000000, 0x00000006a1f00000, 0x0000000760000000)
  object space 31744K, 31% used [0x00000006a0000000,0x00000006a09cdf80,0x00000006a1f00000)
 Metaspace       used 27475K, capacity 28286K, committed 28672K, reserved 1073152K
  class space    used 3776K, capacity 4003K, committed 4096K, reserved 1048576K
}
Event: 19.029 GC heap before
{Heap before GC invocations=12 (full 1):
 PSYoungGen      total 90112K, used 90049K [0x0000000760000000, 0x0000000766a80000, 0x00000007c0000000)
  eden space 82944K, 100% used [0x0000000760000000,0x0000000765100000,0x0000000765100000)
  from space 7168K, 99% used [0x0000000766380000,0x0000000766a70588,0x0000000766a80000)
  to   space 8704K, 0% used [0x0000000765980000,0x0000000765980000,0x0000000766200000)
 ParOldGen       total 31744K, used 10039K [0x00000006a0000000, 0x00000006a1f00000, 0x0000000760000000)
  object space 31744K, 31% used [0x00000006a0000000,0x00000006a09cdf80,0x00000006a1f00000)
 Metaspace       used 33494K, capacity 34622K, committed 34816K, reserved 1079296K
  class space    used 4589K, capacity 4830K, committed 4864K, reserved 1048576K
Event: 19.084 GC heap after
Heap after GC invocations=12 (full 1):
 PSYoungGen      total 100352K, used 7879K [0x0000000760000000, 0x0000000768480000, 0x00000007c0000000)
  eden space 91648K, 0% used [0x0000000760000000,0x0000000760000000,0x0000000765980000)
  from space 8704K, 90% used [0x0000000765980000,0x0000000766131eb8,0x0000000766200000)
  to   space 9216K, 0% used [0x0000000767b80000,0x0000000767b80000,0x0000000768480000)
 ParOldGen       total 31744K, used 12815K [0x00000006a0000000, 0x00000006a1f00000, 0x0000000760000000)
  object space 31744K, 40% used [0x00000006a0000000,0x00000006a0c83e28,0x00000006a1f00000)
 Metaspace       used 33494K, capacity 34622K, committed 34816K, reserved 1079296K
  class space    used 4589K, capacity 4830K, committed 4864K, reserved 1048576K
}
Event: 19.617 GC heap before
{Heap before GC invocations=13 (full 1):
 PSYoungGen      total 100352K, used 24515K [0x0000000760000000, 0x0000000768480000, 0x00000007c0000000)
  eden space 91648K, 18% used [0x0000000760000000,0x000000076103efa8,0x0000000765980000)
  from space 8704K, 90% used [0x0000000765980000,0x0000000766131eb8,0x0000000766200000)
  to   space 9216K, 0% used [0x0000000767b80000,0x0000000767b80000,0x0000000768480000)
 ParOldGen       total 31744K, used 12815K [0x00000006a0000000, 0x00000006a1f00000, 0x0000000760000000)
  object space 31744K, 40% used [0x00000006a0000000,0x00000006a0c83e28,0x00000006a1f00000)
 Metaspace       used 34203K, capacity 35392K, committed 35416K, reserved 1079296K
  class space    used 4708K, capacity 4973K, committed 4992K, reserved 1048576K
Event: 19.634 GC heap after
Heap after GC invocations=13 (full 1):
 PSYoungGen      total 100864K, used 1104K [0x0000000760000000, 0x0000000768480000, 0x00000007c0000000)
  eden space 91648K, 0% used [0x0000000760000000,0x0000000760000000,0x0000000765980000)
  from space 9216K, 11% used [0x0000000767b80000,0x0000000767c941d0,0x0000000768480000)
  to   space 8704K, 0% used [0x0000000765980000,0x0000000765980000,0x0000000766200000)
 ParOldGen       total 31744K, used 16319K [0x00000006a0000000, 0x00000006a1f00000, 0x0000000760000000)
  object space 31744K, 51% used [0x00000006a0000000,0x00000006a0fefd38,0x00000006a1f00000)
 Metaspace       used 34203K, capacity 35392K, committed 35416K, reserved 1079296K
  class space    used 4708K, capacity 4973K, committed 4992K, reserved 1048576K
}
Event: 19.634 GC heap before
{Heap before GC invocations=14 (full 2):
 PSYoungGen      total 100864K, used 1104K [0x0000000760000000, 0x0000000768480000, 0x00000007c0000000)
  eden space 91648K, 0% used [0x0000000760000000,0x0000000760000000,0x0000000765980000)
  from space 9216K, 11% used [0x0000000767b80000,0x0000000767c941d0,0x0000000768480000)
  to   space 8704K, 0% used [0x0000000765980000,0x0000000765980000,0x0000000766200000)
 ParOldGen       total 31744K, used 16319K [0x00000006a0000000, 0x00000006a1f00000, 0x0000000760000000)
  object space 31744K, 51% used [0x00000006a0000000,0x00000006a0fefd38,0x00000006a1f00000)
 Metaspace       used 34203K, capacity 35392K, committed 35416K, reserved 1079296K
  class space    used 4708K, capacity 4973K, committed 4992K, reserved 1048576K
Event: 20.360 GC heap after
Heap after GC invocations=14 (full 2):
 PSYoungGen      total 100864K, used 0K [0x0000000760000000, 0x0000000768480000, 0x00000007c0000000)
  eden space 91648K, 0% used [0x0000000760000000,0x0000000760000000,0x0000000765980000)
  from space 9216K, 0% used [0x0000000767b80000,0x0000000767b80000,0x0000000768480000)
  to   space 8704K, 0% used [0x0000000765980000,0x0000000765980000,0x0000000766200000)
 ParOldGen       total 31744K, used 13789K [0x00000006a0000000, 0x00000006a1f00000, 0x0000000760000000)
  object space 31744K, 43% used [0x00000006a0000000,0x00000006a0d776c0,0x00000006a1f00000)
 Metaspace       used 34203K, capacity 35392K, committed 35416K, reserved 1079296K
  class space    used 4708K, capacity 4973K, committed 4992K, reserved 1048576K
}

