# JRE version: OpenJDK Runtime Environment (8.0_242-b01) (build 1.8.0_242-release-1644-b01)
# Java VM: OpenJDK 64-Bit Server VM (25.242-b01 mixed mode windows-amd64 compressed oops)
Heap:
 PSYoungGen      total 86016K, used 60214K [0x0000000760000000, 0x0000000767900000, 0x00000007c0000000)
  eden space 77824K, 77% used [0x0000000760000000,0x0000000763acd9c8,0x0000000764c00000)
  from space 8192K, 0% used [0x0000000764c00000,0x0000000764c00000,0x0000000765400000)
  to   space 8192K, 0% used [0x0000000767100000,0x0000000767100000,0x0000000767900000)
 ParOldGen       total 52224K, used 14969K [0x00000006a0000000, 0x00000006a3300000, 0x0000000760000000)
  object space 52224K, 28% used [0x00000006a0000000,0x00000006a0e9e4e0,0x00000006a3300000)
 Metaspace       used 38395K, capacity 39832K, committed 40064K, reserved 1083392K
  class space    used 5072K, capacity 5394K, committed 5504K, reserved 1048576K
GC Heap History (10 events):
Event: 12.467 GC heap before
{Heap before GC invocations=9 (full 1):
 PSYoungGen      total 64000K, used 4400K [0x0000000760000000, 0x0000000764500000, 0x00000007c0000000)
  eden space 57344K, 0% used [0x0000000760000000,0x0000000760000000,0x0000000763800000)
  from space 6656K, 66% used [0x0000000763e80000,0x00000007642cc1d0,0x0000000764500000)
  to   space 6656K, 0% used [0x0000000763800000,0x0000000763800000,0x0000000763e80000)
 ParOldGen       total 38400K, used 9384K [0x00000006a0000000, 0x00000006a2580000, 0x0000000760000000)
  object space 38400K, 24% used [0x00000006a0000000,0x00000006a092a248,0x00000006a2580000)
 Metaspace       used 20496K, capacity 21230K, committed 21296K, reserved 1067008K
  class space    used 2853K, capacity 3039K, committed 3072K, reserved 1048576K
Event: 12.562 GC heap after
Heap after GC invocations=9 (full 1):
 PSYoungGen      total 64000K, used 0K [0x0000000760000000, 0x0000000764500000, 0x00000007c0000000)
  eden space 57344K, 0% used [0x0000000760000000,0x0000000760000000,0x0000000763800000)
  from space 6656K, 0% used [0x0000000763e80000,0x0000000763e80000,0x0000000764500000)
  to   space 6656K, 0% used [0x0000000763800000,0x0000000763800000,0x0000000763e80000)
 ParOldGen       total 32768K, used 9350K [0x00000006a0000000, 0x00000006a2000000, 0x0000000760000000)
  object space 32768K, 28% used [0x00000006a0000000,0x00000006a0921980,0x00000006a2000000)
 Metaspace       used 20496K, capacity 21230K, committed 21296K, reserved 1067008K
  class space    used 2853K, capacity 3039K, committed 3072K, reserved 1048576K
}
Event: 14.819 GC heap before
{Heap before GC invocations=10 (full 1):
 PSYoungGen      total 64000K, used 57344K [0x0000000760000000, 0x0000000764500000, 0x00000007c0000000)
  eden space 57344K, 100% used [0x0000000760000000,0x0000000763800000,0x0000000763800000)
  from space 6656K, 0% used [0x0000000763e80000,0x0000000763e80000,0x0000000764500000)
  to   space 6656K, 0% used [0x0000000763800000,0x0000000763800000,0x0000000763e80000)
 ParOldGen       total 32768K, used 9350K [0x00000006a0000000, 0x00000006a2000000, 0x0000000760000000)
  object space 32768K, 28% used [0x00000006a0000000,0x00000006a0921980,0x00000006a2000000)
 Metaspace       used 23799K, capacity 24874K, committed 24960K, reserved 1071104K
  class space    used 3389K, capacity 3699K, committed 3712K, reserved 1048576K
Event: 14.832 GC heap after
Heap after GC invocations=10 (full 1):
 PSYoungGen      total 64000K, used 4934K [0x0000000760000000, 0x0000000765a80000, 0x00000007c0000000)
  eden space 57344K, 0% used [0x0000000760000000,0x0000000760000000,0x0000000763800000)
  from space 6656K, 74% used [0x0000000763800000,0x0000000763cd1bb8,0x0000000763e80000)
  to   space 6656K, 0% used [0x0000000765400000,0x0000000765400000,0x0000000765a80000)
 ParOldGen       total 32768K, used 9358K [0x00000006a0000000, 0x00000006a2000000, 0x0000000760000000)
  object space 32768K, 28% used [0x00000006a0000000,0x00000006a0923980,0x00000006a2000000)
 Metaspace       used 23799K, capacity 24874K, committed 24960K, reserved 1071104K
  class space    used 3389K, capacity 3699K, committed 3712K, reserved 1048576K
}
Event: 17.644 GC heap before
{Heap before GC invocations=11 (full 1):
 PSYoungGen      total 64000K, used 62278K [0x0000000760000000, 0x0000000765a80000, 0x00000007c0000000)
  eden space 57344K, 100% used [0x0000000760000000,0x0000000763800000,0x0000000763800000)
  from space 6656K, 74% used [0x0000000763800000,0x0000000763cd1bb8,0x0000000763e80000)
  to   space 6656K, 0% used [0x0000000765400000,0x0000000765400000,0x0000000765a80000)
 ParOldGen       total 32768K, used 9358K [0x00000006a0000000, 0x00000006a2000000, 0x0000000760000000)
  object space 32768K, 28% used [0x00000006a0000000,0x00000006a0923980,0x00000006a2000000)
 Metaspace       used 31853K, capacity 32952K, committed 33280K, reserved 1077248K
  class space    used 4292K, capacity 4583K, committed 4608K, reserved 1048576K
Event: 17.680 GC heap after
Heap after GC invocations=11 (full 1):
 PSYoungGen      total 84480K, used 6634K [0x0000000760000000, 0x0000000765d80000, 0x00000007c0000000)
  eden space 77824K, 0% used [0x0000000760000000,0x0000000760000000,0x0000000764c00000)
  from space 6656K, 99% used [0x0000000765400000,0x0000000765a7a960,0x0000000765a80000)
  to   space 8192K, 0% used [0x0000000764c00000,0x0000000764c00000,0x0000000765400000)
 ParOldGen       total 32768K, used 12074K [0x00000006a0000000, 0x00000006a2000000, 0x0000000760000000)
  object space 32768K, 36% used [0x00000006a0000000,0x00000006a0bcabb8,0x00000006a2000000)
 Metaspace       used 31853K, capacity 32952K, committed 33280K, reserved 1077248K
  class space    used 4292K, capacity 4583K, committed 4608K, reserved 1048576K
}
Event: 19.768 GC heap before
{Heap before GC invocations=12 (full 1):
 PSYoungGen      total 84480K, used 38062K [0x0000000760000000, 0x0000000765d80000, 0x00000007c0000000)
  eden space 77824K, 40% used [0x0000000760000000,0x0000000761eb0f48,0x0000000764c00000)
  from space 6656K, 99% used [0x0000000765400000,0x0000000765a7a960,0x0000000765a80000)
  to   space 8192K, 0% used [0x0000000764c00000,0x0000000764c00000,0x0000000765400000)
 ParOldGen       total 32768K, used 12074K [0x00000006a0000000, 0x00000006a2000000, 0x0000000760000000)
  object space 32768K, 36% used [0x00000006a0000000,0x00000006a0bcabb8,0x00000006a2000000)
 Metaspace       used 34086K, capacity 35312K, committed 35456K, reserved 1079296K
  class space    used 4593K, capacity 4887K, committed 4992K, reserved 1048576K
Event: 19.795 GC heap after
Heap after GC invocations=12 (full 1):
 PSYoungGen      total 86016K, used 3365K [0x0000000760000000, 0x0000000767900000, 0x00000007c0000000)
  eden space 77824K, 0% used [0x0000000760000000,0x0000000760000000,0x0000000764c00000)
  from space 8192K, 41% used [0x0000000764c00000,0x0000000764f49620,0x0000000765400000)
  to   space 8192K, 0% used [0x0000000767100000,0x0000000767100000,0x0000000767900000)
 ParOldGen       total 32768K, used 17384K [0x00000006a0000000, 0x00000006a2000000, 0x0000000760000000)
  object space 32768K, 53% used [0x00000006a0000000,0x00000006a10fa050,0x00000006a2000000)
 Metaspace       used 34086K, capacity 35312K, committed 35456K, reserved 1079296K
  class space    used 4593K, capacity 4887K, committed 4992K, reserved 1048576K
}
Event: 19.795 GC heap before
{Heap before GC invocations=13 (full 2):
 PSYoungGen      total 86016K, used 3365K [0x0000000760000000, 0x0000000767900000, 0x00000007c0000000)
  eden space 77824K, 0% used [0x0000000760000000,0x0000000760000000,0x0000000764c00000)
  from space 8192K, 41% used [0x0000000764c00000,0x0000000764f49620,0x0000000765400000)
  to   space 8192K, 0% used [0x0000000767100000,0x0000000767100000,0x0000000767900000)
 ParOldGen       total 32768K, used 17384K [0x00000006a0000000, 0x00000006a2000000, 0x0000000760000000)
  object space 32768K, 53% used [0x00000006a0000000,0x00000006a10fa050,0x00000006a2000000)
 Metaspace       used 34086K, capacity 35312K, committed 35456K, reserved 1079296K
  class space    used 4593K, capacity 4887K, committed 4992K, reserved 1048576K
Event: 20.036 GC heap after
Heap after GC invocations=13 (full 2):
 PSYoungGen      total 86016K, used 0K [0x0000000760000000, 0x0000000767900000, 0x00000007c0000000)
  eden space 77824K, 0% used [0x0000000760000000,0x0000000760000000,0x0000000764c00000)
  from space 8192K, 0% used [0x0000000764c00000,0x0000000764c00000,0x0000000765400000)
  to   space 8192K, 0% used [0x0000000767100000,0x0000000767100000,0x0000000767900000)
 ParOldGen       total 52224K, used 14969K [0x00000006a0000000, 0x00000006a3300000, 0x0000000760000000)
  object space 52224K, 28% used [0x00000006a0000000,0x00000006a0e9e4e0,0x00000006a3300000)
 Metaspace       used 34086K, capacity 35312K, committed 35456K, reserved 1079296K
  class space    used 4593K, capacity 4887K, committed 4992K, reserved 1048576K
}

