# JRE version: OpenJDK Runtime Environment (8.0_242-b01) (build 1.8.0_242-release-1644-b01)
# Java VM: OpenJDK 64-Bit Server VM (25.242-b01 mixed mode windows-amd64 compressed oops)
Heap:
 PSYoungGen      total 101888K, used 40228K [0x0000000760000000, 0x0000000767900000, 0x00000007c0000000)
  eden space 92672K, 43% used [0x0000000760000000,0x00000007627491e8,0x0000000765a80000)
  from space 9216K, 0% used [0x0000000767000000,0x0000000767000000,0x0000000767900000)
  to   space 8192K, 0% used [0x0000000765a80000,0x0000000765a80000,0x0000000766280000)
 ParOldGen       total 34816K, used 14007K [0x00000006a0000000, 0x00000006a2200000, 0x0000000760000000)
  object space 34816K, 40% used [0x00000006a0000000,0x00000006a0daddb8,0x00000006a2200000)
 Metaspace       used 36097K, capacity 37498K, committed 37720K, reserved 1081344K
  class space    used 4963K, capacity 5244K, committed 5248K, reserved 1048576K
GC Heap History (10 events):
Event: 11.250 GC heap before
{Heap before GC invocations=10 (full 1):
 PSYoungGen      total 65024K, used 6124K [0x0000000760000000, 0x0000000766b00000, 0x00000007c0000000)
  eden space 58880K, 0% used [0x0000000760000000,0x0000000760000000,0x0000000763980000)
  from space 6144K, 99% used [0x0000000763980000,0x0000000763f7b358,0x0000000763f80000)
  to   space 7680K, 0% used [0x0000000766380000,0x0000000766380000,0x0000000766b00000)
 ParOldGen       total 38400K, used 7251K [0x00000006a0000000, 0x00000006a2580000, 0x0000000760000000)
  object space 38400K, 18% used [0x00000006a0000000,0x00000006a0714c30,0x00000006a2580000)
 Metaspace       used 20486K, capacity 21204K, committed 21248K, reserved 1067008K
  class space    used 2859K, capacity 3048K, committed 3072K, reserved 1048576K
Event: 11.365 GC heap after
Heap after GC invocations=10 (full 1):
 PSYoungGen      total 65024K, used 0K [0x0000000760000000, 0x0000000766b00000, 0x00000007c0000000)
  eden space 58880K, 0% used [0x0000000760000000,0x0000000760000000,0x0000000763980000)
  from space 6144K, 0% used [0x0000000763980000,0x0000000763980000,0x0000000763f80000)
  to   space 7680K, 0% used [0x0000000766380000,0x0000000766380000,0x0000000766b00000)
 ParOldGen       total 34816K, used 10820K [0x00000006a0000000, 0x00000006a2200000, 0x0000000760000000)
  object space 34816K, 31% used [0x00000006a0000000,0x00000006a0a912f0,0x00000006a2200000)
 Metaspace       used 20486K, capacity 21204K, committed 21248K, reserved 1067008K
  class space    used 2859K, capacity 3048K, committed 3072K, reserved 1048576K
}
Event: 13.690 GC heap before
{Heap before GC invocations=11 (full 1):
 PSYoungGen      total 65024K, used 58880K [0x0000000760000000, 0x0000000766b00000, 0x00000007c0000000)
  eden space 58880K, 100% used [0x0000000760000000,0x0000000763980000,0x0000000763980000)
  from space 6144K, 0% used [0x0000000763980000,0x0000000763980000,0x0000000763f80000)
  to   space 7680K, 0% used [0x0000000766380000,0x0000000766380000,0x0000000766b00000)
 ParOldGen       total 34816K, used 10820K [0x00000006a0000000, 0x00000006a2200000, 0x0000000760000000)
  object space 34816K, 31% used [0x00000006a0000000,0x00000006a0a912f0,0x00000006a2200000)
 Metaspace       used 27439K, capacity 28286K, committed 28672K, reserved 1073152K
  class space    used 3775K, capacity 4003K, committed 4096K, reserved 1048576K
Event: 13.724 GC heap after
Heap after GC invocations=11 (full 1):
 PSYoungGen      total 86016K, used 7045K [0x0000000760000000, 0x0000000766a80000, 0x00000007c0000000)
  eden space 78848K, 0% used [0x0000000760000000,0x0000000760000000,0x0000000764d00000)
  from space 7168K, 98% used [0x0000000766380000,0x0000000766a614a0,0x0000000766a80000)
  to   space 8192K, 0% used [0x0000000765a80000,0x0000000765a80000,0x0000000766280000)
 ParOldGen       total 34816K, used 10828K [0x00000006a0000000, 0x00000006a2200000, 0x0000000760000000)
  object space 34816K, 31% used [0x00000006a0000000,0x00000006a0a932f0,0x00000006a2200000)
 Metaspace       used 27439K, capacity 28286K, committed 28672K, reserved 1073152K
  class space    used 3775K, capacity 4003K, committed 4096K, reserved 1048576K
}
Event: 16.516 GC heap before
{Heap before GC invocations=12 (full 1):
 PSYoungGen      total 86016K, used 85893K [0x0000000760000000, 0x0000000766a80000, 0x00000007c0000000)
  eden space 78848K, 100% used [0x0000000760000000,0x0000000764d00000,0x0000000764d00000)
  from space 7168K, 98% used [0x0000000766380000,0x0000000766a614a0,0x0000000766a80000)
  to   space 8192K, 0% used [0x0000000765a80000,0x0000000765a80000,0x0000000766280000)
 ParOldGen       total 34816K, used 10828K [0x00000006a0000000, 0x00000006a2200000, 0x0000000760000000)
  object space 34816K, 31% used [0x00000006a0000000,0x00000006a0a932f0,0x00000006a2200000)
 Metaspace       used 33172K, capacity 34320K, committed 34560K, reserved 1079296K
  class space    used 4535K, capacity 4795K, committed 4864K, reserved 1048576K
Event: 16.551 GC heap after
Heap after GC invocations=12 (full 1):
 PSYoungGen      total 100864K, used 7698K [0x0000000760000000, 0x0000000767900000, 0x00000007c0000000)
  eden space 92672K, 0% used [0x0000000760000000,0x0000000760000000,0x0000000765a80000)
  from space 8192K, 93% used [0x0000000765a80000,0x0000000766204860,0x0000000766280000)
  to   space 9216K, 0% used [0x0000000767000000,0x0000000767000000,0x0000000767900000)
 ParOldGen       total 34816K, used 13515K [0x00000006a0000000, 0x00000006a2200000, 0x0000000760000000)
  object space 34816K, 38% used [0x00000006a0000000,0x00000006a0d32cd0,0x00000006a2200000)
 Metaspace       used 33172K, capacity 34320K, committed 34560K, reserved 1079296K
  class space    used 4535K, capacity 4795K, committed 4864K, reserved 1048576K
}
Event: 17.177 GC heap before
{Heap before GC invocations=13 (full 1):
 PSYoungGen      total 100864K, used 30064K [0x0000000760000000, 0x0000000767900000, 0x00000007c0000000)
  eden space 92672K, 24% used [0x0000000760000000,0x00000007615d7860,0x0000000765a80000)
  from space 8192K, 93% used [0x0000000765a80000,0x0000000766204860,0x0000000766280000)
  to   space 9216K, 0% used [0x0000000767000000,0x0000000767000000,0x0000000767900000)
 ParOldGen       total 34816K, used 13515K [0x00000006a0000000, 0x00000006a2200000, 0x0000000760000000)
  object space 34816K, 38% used [0x00000006a0000000,0x00000006a0d32cd0,0x00000006a2200000)
 Metaspace       used 34206K, capacity 35392K, committed 35416K, reserved 1079296K
  class space    used 4707K, capacity 4973K, committed 4992K, reserved 1048576K
Event: 17.196 GC heap after
Heap after GC invocations=13 (full 1):
 PSYoungGen      total 101888K, used 1443K [0x0000000760000000, 0x0000000767900000, 0x00000007c0000000)
  eden space 92672K, 0% used [0x0000000760000000,0x0000000760000000,0x0000000765a80000)
  from space 9216K, 15% used [0x0000000767000000,0x0000000767168dc8,0x0000000767900000)
  to   space 8192K, 0% used [0x0000000765a80000,0x0000000765a80000,0x0000000766280000)
 ParOldGen       total 34816K, used 17010K [0x00000006a0000000, 0x00000006a2200000, 0x0000000760000000)
  object space 34816K, 48% used [0x00000006a0000000,0x00000006a109cbe0,0x00000006a2200000)
 Metaspace       used 34206K, capacity 35392K, committed 35416K, reserved 1079296K
  class space    used 4707K, capacity 4973K, committed 4992K, reserved 1048576K
}
Event: 17.196 GC heap before
{Heap before GC invocations=14 (full 2):
 PSYoungGen      total 101888K, used 1443K [0x0000000760000000, 0x0000000767900000, 0x00000007c0000000)
  eden space 92672K, 0% used [0x0000000760000000,0x0000000760000000,0x0000000765a80000)
  from space 9216K, 15% used [0x0000000767000000,0x0000000767168dc8,0x0000000767900000)
  to   space 8192K, 0% used [0x0000000765a80000,0x0000000765a80000,0x0000000766280000)
 ParOldGen       total 34816K, used 17010K [0x00000006a0000000, 0x00000006a2200000, 0x0000000760000000)
  object space 34816K, 48% used [0x00000006a0000000,0x00000006a109cbe0,0x00000006a2200000)
 Metaspace       used 34206K, capacity 35392K, committed 35416K, reserved 1079296K
  class space    used 4707K, capacity 4973K, committed 4992K, reserved 1048576K
Event: 17.499 GC heap after
Heap after GC invocations=14 (full 2):
 PSYoungGen      total 101888K, used 0K [0x0000000760000000, 0x0000000767900000, 0x00000007c0000000)
  eden space 92672K, 0% used [0x0000000760000000,0x0000000760000000,0x0000000765a80000)
  from space 9216K, 0% used [0x0000000767000000,0x0000000767000000,0x0000000767900000)
  to   space 8192K, 0% used [0x0000000765a80000,0x0000000765a80000,0x0000000766280000)
 ParOldGen       total 34816K, used 14007K [0x00000006a0000000, 0x00000006a2200000, 0x0000000760000000)
  object space 34816K, 40% used [0x00000006a0000000,0x00000006a0daddb8,0x00000006a2200000)
 Metaspace       used 34206K, capacity 35392K, committed 35416K, reserved 1079296K
  class space    used 4707K, capacity 4973K, committed 4992K, reserved 1048576K
}

